# JRE version: OpenJDK Runtime Environment Temurin-17.0.7+7 (17.0.7+7) (build 17.0.7+7)
# Java VM: OpenJDK 64-Bit Server VM Temurin-17.0.7+7 (17.0.7+7, mixed mode, sharing, tiered, compressed oops, compressed class ptrs, g1 gc, windows-amd64)
GC Precious Log:
 CPUs: 8 total, 8 available
 Memory: 16179M
 Large Page Support: Disabled
 NUMA Support: Disabled
 Compressed Oops: Enabled (Zero based)
 Heap Region Size: 2M
 Heap Min Capacity: 512M
 Heap Initial Capacity: 512M
 Heap Max Capacity: 4072M
 Pre-touch: Disabled
 Parallel Workers: 8
 Concurrent Workers: 2
 Concurrent Refinement Workers: 8
 Periodic GC: Disabled
 String Deduplication is enabled
Heap:
 garbage-first heap   total 524288K, used 159456K [0x0000000701800000, 0x0000000800000000)
  region size 2048K, 36 young (73728K), 1 survivors (2048K)
 Metaspace       used 83201K, committed 83904K, reserved 1179648K
  class space    used 11838K, committed 12160K, reserved 1048576K
GC Heap History (20 events):
Event: 1756.010 GC heap before
{Heap before GC invocations=41 (full 7):
 garbage-first heap   total 524288K, used 166723K [0x0000000701800000, 0x0000000800000000)
  region size 2048K, 40 young (81920K), 1 survivors (2048K)
 Metaspace       used 82096K, committed 82816K, reserved 1179648K
  class space    used 11721K, committed 12096K, reserved 1048576K
}
Event: 1756.012 GC heap after
{Heap after GC invocations=42 (full 7):
 garbage-first heap   total 524288K, used 86162K [0x0000000701800000, 0x0000000800000000)
  region size 2048K, 1 young (2048K), 1 survivors (2048K)
 Metaspace       used 82096K, committed 82816K, reserved 1179648K
  class space    used 11721K, committed 12096K, reserved 1048576K
}
Event: 1758.017 GC heap before
{Heap before GC invocations=42 (full 7):
 garbage-first heap   total 524288K, used 166034K [0x0000000701800000, 0x0000000800000000)
  region size 2048K, 40 young (81920K), 1 survivors (2048K)
 Metaspace       used 82558K, committed 83264K, reserved 1179648K
  class space    used 11816K, committed 12160K, reserved 1048576K
}
Event: 1758.020 GC heap after
{Heap after GC invocations=43 (full 7):
 garbage-first heap   total 524288K, used 88930K [0x0000000701800000, 0x0000000800000000)
  region size 2048K, 2 young (4096K), 2 survivors (4096K)
 Metaspace       used 82558K, committed 83264K, reserved 1179648K
  class space    used 11816K, committed 12160K, reserved 1048576K
}
Event: 1760.892 GC heap before
{Heap before GC invocations=43 (full 7):
 garbage-first heap   total 524288K, used 166754K [0x0000000701800000, 0x0000000800000000)
  region size 2048K, 40 young (81920K), 2 survivors (4096K)
 Metaspace       used 82649K, committed 83328K, reserved 1179648K
  class space    used 11822K, committed 12160K, reserved 1048576K
}
Event: 1760.895 GC heap after
{Heap after GC invocations=44 (full 7):
 garbage-first heap   total 524288K, used 89080K [0x0000000701800000, 0x0000000800000000)
  region size 2048K, 3 young (6144K), 3 survivors (6144K)
 Metaspace       used 82649K, committed 83328K, reserved 1179648K
  class space    used 11822K, committed 12160K, reserved 1048576K
}
Event: 1764.361 GC heap before
{Heap before GC invocations=44 (full 7):
 garbage-first heap   total 524288K, used 148472K [0x0000000701800000, 0x0000000800000000)
  region size 2048K, 33 young (67584K), 3 survivors (6144K)
 Metaspace       used 82694K, committed 83392K, reserved 1179648K
  class space    used 11822K, committed 12160K, reserved 1048576K
}
Event: 1764.408 GC heap after
{Heap after GC invocations=45 (full 8):
 garbage-first heap   total 524288K, used 87739K [0x0000000701800000, 0x0000000800000000)
  region size 2048K, 0 young (0K), 0 survivors (0K)
 Metaspace       used 82694K, committed 83392K, reserved 1179648K
  class space    used 11822K, committed 12160K, reserved 1048576K
}
Event: 1775.793 GC heap before
{Heap before GC invocations=45 (full 8):
 garbage-first heap   total 524288K, used 169659K [0x0000000701800000, 0x0000000800000000)
  region size 2048K, 40 young (81920K), 0 survivors (0K)
 Metaspace       used 82826K, committed 83520K, reserved 1179648K
  class space    used 11829K, committed 12160K, reserved 1048576K
}
Event: 1775.795 GC heap after
{Heap after GC invocations=46 (full 8):
 garbage-first heap   total 524288K, used 89623K [0x0000000701800000, 0x0000000800000000)
  region size 2048K, 1 young (2048K), 1 survivors (2048K)
 Metaspace       used 82826K, committed 83520K, reserved 1179648K
  class space    used 11829K, committed 12160K, reserved 1048576K
}
Event: 1779.366 GC heap before
{Heap before GC invocations=46 (full 8):
 garbage-first heap   total 524288K, used 151063K [0x0000000701800000, 0x0000000800000000)
  region size 2048K, 32 young (65536K), 1 survivors (2048K)
 Metaspace       used 82866K, committed 83584K, reserved 1179648K
  class space    used 11830K, committed 12160K, reserved 1048576K
}
Event: 1779.410 GC heap after
{Heap after GC invocations=47 (full 9):
 garbage-first heap   total 524288K, used 88181K [0x0000000701800000, 0x0000000800000000)
  region size 2048K, 0 young (0K), 0 survivors (0K)
 Metaspace       used 82866K, committed 83584K, reserved 1179648K
  class space    used 11830K, committed 12160K, reserved 1048576K
}
Event: 1784.109 GC heap before
{Heap before GC invocations=47 (full 9):
 garbage-first heap   total 524288K, used 170101K [0x0000000701800000, 0x0000000800000000)
  region size 2048K, 40 young (81920K), 0 survivors (0K)
 Metaspace       used 82891K, committed 83584K, reserved 1179648K
  class space    used 11830K, committed 12160K, reserved 1048576K
}
Event: 1784.111 GC heap after
{Heap after GC invocations=48 (full 9):
 garbage-first heap   total 524288K, used 88619K [0x0000000701800000, 0x0000000800000000)
  region size 2048K, 1 young (2048K), 1 survivors (2048K)
 Metaspace       used 82891K, committed 83584K, reserved 1179648K
  class space    used 11830K, committed 12160K, reserved 1048576K
}
Event: 1790.759 GC heap before
{Heap before GC invocations=48 (full 9):
 garbage-first heap   total 524288K, used 168491K [0x0000000701800000, 0x0000000800000000)
  region size 2048K, 40 young (81920K), 1 survivors (2048K)
 Metaspace       used 82997K, committed 83712K, reserved 1179648K
  class space    used 11830K, committed 12160K, reserved 1048576K
}
Event: 1790.762 GC heap after
{Heap after GC invocations=49 (full 9):
 garbage-first heap   total 524288K, used 89213K [0x0000000701800000, 0x0000000800000000)
  region size 2048K, 1 young (2048K), 1 survivors (2048K)
 Metaspace       used 82997K, committed 83712K, reserved 1179648K
  class space    used 11830K, committed 12160K, reserved 1048576K
}
Event: 1794.822 GC heap before
{Heap before GC invocations=49 (full 9):
 garbage-first heap   total 524288K, used 169085K [0x0000000701800000, 0x0000000800000000)
  region size 2048K, 40 young (81920K), 1 survivors (2048K)
 Metaspace       used 83071K, committed 83712K, reserved 1179648K
  class space    used 11833K, committed 12160K, reserved 1048576K
}
Event: 1794.824 GC heap after
{Heap after GC invocations=50 (full 9):
 garbage-first heap   total 524288K, used 89777K [0x0000000701800000, 0x0000000800000000)
  region size 2048K, 1 young (2048K), 1 survivors (2048K)
 Metaspace       used 83071K, committed 83712K, reserved 1179648K
  class space    used 11833K, committed 12160K, reserved 1048576K
}
Event: 1799.306 GC heap before
{Heap before GC invocations=50 (full 9):
 garbage-first heap   total 524288K, used 169649K [0x0000000701800000, 0x0000000800000000)
  region size 2048K, 40 young (81920K), 1 survivors (2048K)
 Metaspace       used 83091K, committed 83840K, reserved 1179648K
  class space    used 11835K, committed 12160K, reserved 1048576K
}
Event: 1799.308 GC heap after
{Heap after GC invocations=51 (full 9):
 garbage-first heap   total 524288K, used 89824K [0x0000000701800000, 0x0000000800000000)
  region size 2048K, 1 young (2048K), 1 survivors (2048K)
 Metaspace       used 83091K, committed 83840K, reserved 1179648K
  class space    used 11835K, committed 12160K, reserved 1048576K
}

